<?xml version="1.0" encoding="UTF-8"?>
<!-- Generated by org.testng.reporters.JUnitReportReporter -->
<testsuite hostname="vijays-MacBook-Pro.local" name="com.pim.migration.cucumberRunner.CucumberTest" tests="1" failures="0" timestamp="30 Oct 2017 20:18:15 GMT" time="5.158" errors="0">
  <testcase name="feature" time="5.158" classname="com.pim.migration.cucumberRunner.CucumberTest"/>
</testsuite> <!-- com.pim.migration.cucumberRunner.CucumberTest -->
